<?xml version="1.0" encoding="UTF-8"?>
<!-- Generated by org.testng.reporters.JUnitReportReporter -->
<testsuite hostname="DESKTOP-N0BUBRI" failures="0" tests="1" name="testScripts.ScreenshotEx" time="30.217" errors="0" timestamp="2021-03-23T16:35:03 IST" skipped="0">
  <testcase classname="testScripts.ScreenshotEx" name="ConfigureContents" time="30.217"/>
  <system-out/>
</testsuite> <!-- testScripts.ScreenshotEx -->
