<?xml version="1.0" encoding="UTF-8"?>
<!-- Generated by org.testng.reporters.JUnitReportReporter -->
<testsuite hostname="DESKTOP-N0BUBRI" failures="0" tests="1" name="testScripts.ForgotPassWithInvalidOtp" time="56.190" errors="0" timestamp="2021-02-23T09:31:51 IST" skipped="0">
  <testcase classname="testScripts.ForgotPassWithInvalidOtp" name="ForgotPasswordwithInvlidOTP" time="56.190"/>
  <system-out/>
</testsuite> <!-- testScripts.ForgotPassWithInvalidOtp -->
