<?xml version="1.0" encoding="UTF-8"?>
<!-- Generated by org.testng.reporters.JUnitReportReporter -->
<testsuite hostname="DESKTOP-N0BUBRI" failures="0" tests="1" name="testScripts.ForgotPassword" time="120.821" errors="0" timestamp="2021-02-23T09:31:51 IST" skipped="0">
  <testcase classname="testScripts.ForgotPassword" name="forgotpassword" time="120.821"/>
  <system-out/>
</testsuite> <!-- testScripts.ForgotPassword -->
