<?xml version="1.0" encoding="UTF-8"?>
<!-- Generated by org.testng.reporters.JUnitReportReporter -->
<testsuite hostname="DESKTOP-N0BUBRI" failures="0" tests="1" name="imagetestscript.ImagesignupTestCase" time="29.923" errors="0" timestamp="2021-04-05T14:30:22 IST" skipped="0">
  <testcase classname="imagetestscript.ImagesignupTestCase" name="imagesignup" time="29.923"/>
  <system-out/>
</testsuite> <!-- imagetestscript.ImagesignupTestCase -->
