<?xml version="1.0" encoding="UTF-8"?>
<!-- Generated by org.testng.reporters.JUnitReportReporter -->
<testsuite hostname="DESKTOP-N0BUBRI" failures="0" tests="1" name="testScripts.SignupNegativeTestCase" time="120.603" errors="0" timestamp="2021-04-02T14:42:17 IST" skipped="0">
  <testcase classname="testScripts.SignupNegativeTestCase" name="signupNegativeTestcase" time="120.603"/>
  <system-out/>
</testsuite> <!-- testScripts.SignupNegativeTestCase -->
