<?xml version="1.0" encoding="UTF-8"?>
<!-- Generated by org.testng.reporters.JUnitReportReporter -->
<testsuite hostname="DESKTOP-N0BUBRI" failures="0" tests="1" name="imagetestscript.ImageIndexTestCase" time="119.452" errors="0" timestamp="2021-04-06T11:01:55 IST" skipped="0">
  <testcase classname="imagetestscript.ImageIndexTestCase" name="imageindextestcase" time="119.452"/>
  <system-out/>
</testsuite> <!-- imagetestscript.ImageIndexTestCase -->
