<?xml version="1.0" encoding="UTF-8"?>
<!-- Generated by org.testng.reporters.JUnitReportReporter -->
<testsuite hostname="DESKTOP-N0BUBRI" failures="0" tests="1" name="testScripts.SignupTestCase" time="40.771" errors="0" timestamp="2021-04-01T16:23:33 IST" skipped="0">
  <testcase classname="testScripts.SignupTestCase" name="signup" time="40.771"/>
  <system-out/>
</testsuite> <!-- testScripts.SignupTestCase -->
