<?xml version="1.0" encoding="UTF-8"?>
<!-- Generated by org.testng.reporters.JUnitReportReporter -->
<testsuite hostname="DESKTOP-N0BUBRI" failures="0" tests="1" name="testScripts.TestCasesofProfilePage" time="194.001" errors="0" timestamp="2021-03-30T16:46:01 IST" skipped="0">
  <testcase classname="testScripts.TestCasesofProfilePage" name="profilepage" time="194.001"/>
  <system-out/>
</testsuite> <!-- testScripts.TestCasesofProfilePage -->
