<?xml version="1.0" encoding="UTF-8"?>
<!-- Generated by org.testng.reporters.JUnitReportReporter -->
<testsuite hostname="DESKTOP-N0BUBRI" failures="0" tests="1" name="testScripts.NegativeTestcasesofProfilePage" time="157.598" errors="0" timestamp="2021-03-30T16:50:10 IST" skipped="0">
  <testcase classname="testScripts.NegativeTestcasesofProfilePage" name="negativetestcaseofprofile" time="157.598"/>
  <system-out/>
</testsuite> <!-- testScripts.NegativeTestcasesofProfilePage -->
