<?xml version="1.0" encoding="UTF-8"?>
<!-- Generated by org.testng.reporters.JUnitReportReporter -->
<testsuite hostname="DESKTOP-N0BUBRI" failures="0" tests="1" name="testScripts.ExcelSheet" time="0.367" errors="0" timestamp="2021-03-23T10:38:33 IST" skipped="0">
  <testcase classname="testScripts.ExcelSheet" name="exceldatas" time="0.367"/>
  <system-out/>
</testsuite> <!-- testScripts.ExcelSheet -->
