<?xml version="1.0" encoding="UTF-8"?>
<!-- Generated by org.testng.reporters.JUnitReportReporter -->
<testsuite hostname="DESKTOP-N0BUBRI" failures="0" tests="1" name="testScripts.SignInNegativeTestCase" time="101.648" errors="0" timestamp="2021-04-01T10:31:14 IST" skipped="0">
  <testcase classname="testScripts.SignInNegativeTestCase" name="signinNegativetestcase" time="101.648"/>
  <system-out/>
</testsuite> <!-- testScripts.SignInNegativeTestCase -->
