<?xml version="1.0" encoding="UTF-8"?>
<!-- Generated by org.testng.reporters.JUnitReportReporter -->
<testsuite hostname="DESKTOP-N0BUBRI" failures="0" tests="1" name="testScripts.ConfigureContent" time="154.268" errors="0" timestamp="2021-03-24T11:51:09 IST" skipped="0">
  <testcase classname="testScripts.ConfigureContent" name="ConfigureContents" time="154.268"/>
  <system-out/>
</testsuite> <!-- testScripts.ConfigureContent -->
