<?xml version="1.0" encoding="UTF-8"?>
<!-- Generated by org.testng.reporters.JUnitReportReporter -->
<testsuite hostname="DESKTOP-N0BUBRI" failures="0" tests="1" name="testScripts.ConfigurePostSurvey" time="1350.015" errors="0" timestamp="2021-03-22T12:14:51 IST" skipped="0">
  <testcase classname="testScripts.ConfigurePostSurvey" name="ConfigurePostSurve" time="1350.015"/>
  <system-out/>
</testsuite> <!-- testScripts.ConfigurePostSurvey -->
