<?xml version="1.0" encoding="UTF-8"?>
<!-- Generated by org.testng.reporters.JUnitReportReporter -->
<testsuite hostname="DESKTOP-N0BUBRI" failures="0" tests="1" name="testScripts.UploadContentTestCase" time="157.323" errors="0" timestamp="2021-03-25T16:36:44 IST" skipped="0">
  <testcase classname="testScripts.UploadContentTestCase" name="uploadContent" time="157.323"/>
  <system-out/>
</testsuite> <!-- testScripts.UploadContentTestCase -->
