<?xml version="1.0" encoding="UTF-8"?>
<!-- Generated by org.testng.reporters.JUnitReportReporter -->
<testsuite hostname="DESKTOP-N0BUBRI" failures="0" tests="1" name="testScripts.ReviewandCheckout" time="429.346" errors="0" timestamp="2021-03-24T15:18:43 IST" skipped="0">
  <testcase classname="testScripts.ReviewandCheckout" name="review" time="429.346"/>
  <system-out/>
</testsuite> <!-- testScripts.ReviewandCheckout -->
