<?xml version="1.0" encoding="UTF-8"?>
<!-- Generated by org.testng.reporters.JUnitReportReporter -->
<testsuite hostname="DESKTOP-N0BUBRI" failures="0" tests="1" name="testScripts.ExcelTestScript" time="0.356" errors="0" timestamp="2021-02-15T16:34:36 IST" skipped="0">
  <testcase classname="testScripts.ExcelTestScript" name="Admin_login" time="0.356"/>
  <system-out/>
</testsuite> <!-- testScripts.ExcelTestScript -->
