<?xml version="1.0" encoding="UTF-8"?>
<!-- Generated by org.testng.reporters.JUnitReportReporter -->
<testsuite hostname="DESKTOP-N0BUBRI" failures="0" tests="1" name="testScripts.DashboardTestCase" time="91.586" errors="0" timestamp="2021-02-23T09:31:51 IST" skipped="0">
  <testcase classname="testScripts.DashboardTestCase" name="dashboard" time="91.586"/>
  <system-out/>
</testsuite> <!-- testScripts.DashboardTestCase -->
