<?xml version="1.0" encoding="UTF-8"?>
<!-- Generated by org.testng.reporters.JUnitReportReporter -->
<testsuite hostname="DESKTOP-N0BUBRI" failures="0" tests="1" name="testScripts.DummyClass" time="8.602" errors="0" timestamp="2021-03-01T11:08:44 IST" skipped="0">
  <testcase classname="testScripts.DummyClass" name="openapp" time="8.602"/>
  <system-out/>
</testsuite> <!-- testScripts.DummyClass -->
