<?xml version="1.0" encoding="UTF-8"?>
<!-- Generated by org.testng.reporters.JUnitReportReporter -->
<testsuite hostname="DESKTOP-N0BUBRI" failures="0" tests="1" name="testScripts.ConfigurePreServey" time="51.482" errors="0" timestamp="2021-03-24T11:04:40 IST" skipped="0">
  <testcase classname="testScripts.ConfigurePreServey" name="ConfigurePreSurve" time="51.482"/>
  <system-out/>
</testsuite> <!-- testScripts.ConfigurePreServey -->
