<?xml version="1.0" encoding="UTF-8"?>
<!-- Generated by org.testng.reporters.JUnitReportReporter -->
<testsuite hostname="DESKTOP-N0BUBRI" failures="0" tests="1" name="testScripts.NegativeTestCaseofUploadContent" time="187.903" errors="0" timestamp="2021-03-25T14:40:04 IST" skipped="0">
  <testcase classname="testScripts.NegativeTestCaseofUploadContent" name="NegativeTestcaseofUploadContent" time="187.903"/>
  <system-out/>
</testsuite> <!-- testScripts.NegativeTestCaseofUploadContent -->
